[0.010s] Invoking command in '/home/capstone/camera_ws/build/camera_ros': CMAKE_PREFIX_PATH=${CMAKE_PREFIX_PATH}:/opt/ros/jazzy LD_LIBRARY_PATH=/home/capstone/camera_ws/install/libcamera/lib:/opt/ros/jazzy/lib/aarch64-linux-gnu:/opt/ros/jazzy/lib:/home/capstone/camera_ws/install/camera_ros/lib PATH=/home/capstone/camera_ws/install/libcamera/bin:/opt/ros/jazzy/bin:/usr/local/sbin:/usr/local/bin:/usr/sbin:/usr/bin:/sbin:/bin:/usr/games:/usr/local/games:/snap/bin PYTHONPATH=/home/capstone/camera_ws/install/libcamera/lib/python3.12/site-packages:/opt/ros/jazzy/lib/python3.12/site-packages /usr/bin/cmake /home/capstone/camera_ws/src/camera_ros -DAMENT_CMAKE_SYMLINK_INSTALL=1 -DCMAKE_INSTALL_PREFIX=/home/capstone/camera_ws/install/camera_ros
[0.103s] -- The C compiler identification is GNU 13.3.0
[0.197s] -- The CXX compiler identification is GNU 13.3.0
[0.224s] -- Detecting C compiler ABI info
[0.377s] -- Detecting C compiler ABI info - done
[0.392s] -- Check for working C compiler: /usr/bin/cc - skipped
[0.393s] -- Detecting C compile features
[0.393s] -- Detecting C compile features - done
[0.407s] -- Detecting CXX compiler ABI info
[0.569s] -- Detecting CXX compiler ABI info - done
[0.586s] -- Check for working CXX compiler: /usr/bin/c++ - skipped
[0.586s] -- Detecting CXX compile features
[0.587s] -- Detecting CXX compile features - done
[0.590s] -- Found ament_cmake: 2.5.4 (/opt/ros/jazzy/share/ament_cmake/cmake)
[0.791s] -- Found Python3: /usr/bin/python3 (found version "3.12.3") found components: Interpreter 
[0.904s] -- Override CMake install command with custom implementation using symlinks instead of copying resources
[0.938s] -- Found PkgConfig: /usr/bin/pkg-config (found version "1.8.1") 
[0.940s] -- Found rclcpp: 28.1.10 (/opt/ros/jazzy/share/rclcpp/cmake)
[0.983s] -- Found rosidl_generator_c: 4.6.5 (/opt/ros/jazzy/share/rosidl_generator_c/cmake)
[0.999s] -- Found rosidl_generator_cpp: 4.6.5 (/opt/ros/jazzy/share/rosidl_generator_cpp/cmake)
[1.019s] -- Using all available rosidl_typesupport_c: rosidl_typesupport_fastrtps_c;rosidl_typesupport_introspection_c
[1.041s] -- Using all available rosidl_typesupport_cpp: rosidl_typesupport_fastrtps_cpp;rosidl_typesupport_introspection_cpp
[1.135s] -- Found rmw_implementation_cmake: 7.3.2 (/opt/ros/jazzy/share/rmw_implementation_cmake/cmake)
[1.138s] -- Found rmw_fastrtps_cpp: 8.4.2 (/opt/ros/jazzy/share/rmw_fastrtps_cpp/cmake)
[1.257s] -- Found OpenSSL: /usr/lib/aarch64-linux-gnu/libcrypto.so (found version "3.0.13")  
[1.280s] -- Found FastRTPS: /opt/ros/jazzy/include (Required is at least version "2.13") 
[1.314s] -- Using RMW implementation 'rmw_fastrtps_cpp' as default
[1.403s] -- Found rclcpp_components: 28.1.10 (/opt/ros/jazzy/share/rclcpp_components/cmake)
[1.443s] -- Found sensor_msgs: 5.3.6 (/opt/ros/jazzy/share/sensor_msgs/cmake)
[1.516s] -- Found camera_info_manager: 5.1.7 (/opt/ros/jazzy/share/camera_info_manager/cmake)
[1.523s] -- Setting yaml-cpp_DIR to: '/opt/ros/jazzy/share/yaml_cpp_vendor/cmake/../../../opt/yaml_cpp_vendor/share/cmake/yaml-cpp'
[1.568s] -- Found cv_bridge: 4.1.0 (/opt/ros/jazzy/share/cv_bridge/cmake)
[1.585s] -- Checking for module 'libcamera>=0.1'
[1.607s] --   Found libcamera, version 0.5.1
[1.670s] -- Found ament_lint_auto: 0.17.2 (/opt/ros/jazzy/share/ament_lint_auto/cmake)
[1.842s] -- Added test 'clang_format' to check C / C++ code style
[1.847s] -- Added test 'cppcheck' to perform static code analysis on C / C++ code
[1.848s] -- Configured cppcheck include dirs: 
[1.848s] -- Configured cppcheck exclude dirs and/or files: 
[1.849s] -- Added test 'flake8' to check Python code syntax and style conventions
[1.849s] -- Configured 'flake8' exclude dirs and/or files: 
[1.851s] -- Added test 'lint_cmake' to check CMake code style
[1.852s] -- Added test 'mypy' to statically type check Python code.
[1.853s] -- Added test 'pep257' to check Python code against some of the docstring style conventions in PEP 257
[1.854s] -- Added test 'pyflakes' to perform static code analysis on Python code
[1.855s] -- Added test 'xmllint' to check XML markup files
[1.858s] -- Configuring done (1.8s)
[1.891s] -- Generating done (0.0s)
[1.901s] -- Build files have been written to: /home/capstone/camera_ws/build/camera_ros
[1.921s] Invoked command in '/home/capstone/camera_ws/build/camera_ros' returned '0': CMAKE_PREFIX_PATH=${CMAKE_PREFIX_PATH}:/opt/ros/jazzy LD_LIBRARY_PATH=/home/capstone/camera_ws/install/libcamera/lib:/opt/ros/jazzy/lib/aarch64-linux-gnu:/opt/ros/jazzy/lib:/home/capstone/camera_ws/install/camera_ros/lib PATH=/home/capstone/camera_ws/install/libcamera/bin:/opt/ros/jazzy/bin:/usr/local/sbin:/usr/local/bin:/usr/sbin:/usr/bin:/sbin:/bin:/usr/games:/usr/local/games:/snap/bin PYTHONPATH=/home/capstone/camera_ws/install/libcamera/lib/python3.12/site-packages:/opt/ros/jazzy/lib/python3.12/site-packages /usr/bin/cmake /home/capstone/camera_ws/src/camera_ros -DAMENT_CMAKE_SYMLINK_INSTALL=1 -DCMAKE_INSTALL_PREFIX=/home/capstone/camera_ws/install/camera_ros
[1.923s] Invoking command in '/home/capstone/camera_ws/build/camera_ros': CMAKE_PREFIX_PATH=${CMAKE_PREFIX_PATH}:/opt/ros/jazzy LD_LIBRARY_PATH=/home/capstone/camera_ws/install/libcamera/lib:/opt/ros/jazzy/lib/aarch64-linux-gnu:/opt/ros/jazzy/lib:/home/capstone/camera_ws/install/camera_ros/lib PATH=/home/capstone/camera_ws/install/libcamera/bin:/opt/ros/jazzy/bin:/usr/local/sbin:/usr/local/bin:/usr/sbin:/usr/bin:/sbin:/bin:/usr/games:/usr/local/games:/snap/bin PYTHONPATH=/home/capstone/camera_ws/install/libcamera/lib/python3.12/site-packages:/opt/ros/jazzy/lib/python3.12/site-packages /usr/bin/cmake --build /home/capstone/camera_ws/build/camera_ros -- -j4 -l4
[2.002s] [  7%] [32mBuilding CXX object CMakeFiles/utils.dir/src/format_mapping.cpp.o[0m
[5.458s] [ 15%] [32mBuilding CXX object CMakeFiles/utils.dir/src/pretty_print.cpp.o[0m
[6.741s] [ 15%] Built target utils
[6.776s] [ 23%] [32mBuilding CXX object CMakeFiles/camera_node.dir/rclcpp_components/node_main_camera_node.cpp.o[0m
[12.987s] [ 30%] [32m[1mLinking CXX executable camera_node[0m
[13.208s] [ 30%] Built target camera_node
[13.242s] [ 38%] [32mBuilding CXX object CMakeFiles/param.dir/src/clamp.cpp.o[0m
[15.010s] [ 46%] [32mBuilding CXX object CMakeFiles/param.dir/src/types.cpp.o[0m
[16.017s] [ 53%] [32mBuilding CXX object CMakeFiles/param.dir/src/type_extent.cpp.o[0m
[17.033s] [ 61%] [32mBuilding CXX object CMakeFiles/param.dir/src/ParameterHandler.cpp.o[0m
[17.095s] [ 69%] [32mBuilding CXX object CMakeFiles/param.dir/src/pv_to_cv.cpp.o[0m
[18.794s] [ 76%] [32mBuilding CXX object CMakeFiles/param.dir/src/ParameterConflictHandler.cpp.o[0m
[21.098s] [ 84%] [32mBuilding CXX object CMakeFiles/param.dir/src/cv_to_pv.cpp.o[0m
[23.228s] [ 84%] Built target param
[23.263s] [ 92%] [32mBuilding CXX object CMakeFiles/camera_component.dir/src/CameraNode.cpp.o[0m
[37.929s] [100%] [32m[1mLinking CXX shared library libcamera_component.so[0m
[39.036s] [100%] Built target camera_component
[39.057s] Invoked command in '/home/capstone/camera_ws/build/camera_ros' returned '0': CMAKE_PREFIX_PATH=${CMAKE_PREFIX_PATH}:/opt/ros/jazzy LD_LIBRARY_PATH=/home/capstone/camera_ws/install/libcamera/lib:/opt/ros/jazzy/lib/aarch64-linux-gnu:/opt/ros/jazzy/lib:/home/capstone/camera_ws/install/camera_ros/lib PATH=/home/capstone/camera_ws/install/libcamera/bin:/opt/ros/jazzy/bin:/usr/local/sbin:/usr/local/bin:/usr/sbin:/usr/bin:/sbin:/bin:/usr/games:/usr/local/games:/snap/bin PYTHONPATH=/home/capstone/camera_ws/install/libcamera/lib/python3.12/site-packages:/opt/ros/jazzy/lib/python3.12/site-packages /usr/bin/cmake --build /home/capstone/camera_ws/build/camera_ros -- -j4 -l4
[39.075s] Invoking command in '/home/capstone/camera_ws/build/camera_ros': CMAKE_PREFIX_PATH=${CMAKE_PREFIX_PATH}:/opt/ros/jazzy LD_LIBRARY_PATH=/home/capstone/camera_ws/install/libcamera/lib:/opt/ros/jazzy/lib/aarch64-linux-gnu:/opt/ros/jazzy/lib:/home/capstone/camera_ws/install/camera_ros/lib PATH=/home/capstone/camera_ws/install/libcamera/bin:/opt/ros/jazzy/bin:/usr/local/sbin:/usr/local/bin:/usr/sbin:/usr/bin:/sbin:/bin:/usr/games:/usr/local/games:/snap/bin PYTHONPATH=/home/capstone/camera_ws/install/libcamera/lib/python3.12/site-packages:/opt/ros/jazzy/lib/python3.12/site-packages /usr/bin/cmake --install /home/capstone/camera_ws/build/camera_ros
[39.086s] -- Install configuration: ""
[39.087s] -- Execute custom install script
[39.088s] -- Symlinking: /home/capstone/camera_ws/install/camera_ros/lib/camera_ros/camera_node
[39.104s] -- Symlinking: /home/capstone/camera_ws/install/camera_ros/share/camera_ros/environment/library_path.sh
[39.119s] -- Symlinking: /home/capstone/camera_ws/install/camera_ros/share/camera_ros/environment/library_path.dsv
[39.135s] -- Symlinking: /home/capstone/camera_ws/install/camera_ros/share/camera_ros//launch/camera.launch.py
[39.150s] -- Symlinking: /home/capstone/camera_ws/install/camera_ros/share/ament_index/resource_index/package_run_dependencies/camera_ros
[39.167s] -- Symlinking: /home/capstone/camera_ws/install/camera_ros/share/ament_index/resource_index/parent_prefix_path/camera_ros
[39.182s] -- Symlinking: /home/capstone/camera_ws/install/camera_ros/share/camera_ros/environment/ament_prefix_path.sh
[39.199s] -- Symlinking: /home/capstone/camera_ws/install/camera_ros/share/camera_ros/environment/ament_prefix_path.dsv
[39.214s] -- Symlinking: /home/capstone/camera_ws/install/camera_ros/share/camera_ros/environment/path.sh
[39.231s] -- Symlinking: /home/capstone/camera_ws/install/camera_ros/share/camera_ros/environment/path.dsv
[39.247s] -- Symlinking: /home/capstone/camera_ws/install/camera_ros/share/camera_ros/local_setup.bash
[39.263s] -- Symlinking: /home/capstone/camera_ws/install/camera_ros/share/camera_ros/local_setup.sh
[39.278s] -- Symlinking: /home/capstone/camera_ws/install/camera_ros/share/camera_ros/local_setup.zsh
[39.294s] -- Symlinking: /home/capstone/camera_ws/install/camera_ros/share/camera_ros/local_setup.dsv
[39.310s] -- Symlinking: /home/capstone/camera_ws/install/camera_ros/share/camera_ros/package.dsv
[39.325s] -- Symlinking: /home/capstone/camera_ws/install/camera_ros/share/ament_index/resource_index/packages/camera_ros
[39.341s] -- Symlinking: /home/capstone/camera_ws/install/camera_ros/share/ament_index/resource_index/rclcpp_components/camera_ros
[39.357s] -- Symlinking: /home/capstone/camera_ws/install/camera_ros/share/camera_ros/cmake/ament_cmake_export_targets-extras.cmake
[39.373s] -- Symlinking: /home/capstone/camera_ws/install/camera_ros/share/camera_ros/cmake/ament_cmake_export_dependencies-extras.cmake
[39.389s] -- Symlinking: /home/capstone/camera_ws/install/camera_ros/share/camera_ros/cmake/camera_rosConfig.cmake
[39.404s] -- Symlinking: /home/capstone/camera_ws/install/camera_ros/share/camera_ros/cmake/camera_rosConfig-version.cmake
[39.421s] -- Symlinking: /home/capstone/camera_ws/install/camera_ros/share/camera_ros/package.xml
[39.436s] -- Installing: /home/capstone/camera_ws/install/camera_ros/lib/libcamera_component.so
[39.447s] -- Set non-toolchain portion of runtime path of "/home/capstone/camera_ws/install/camera_ros/lib/libcamera_component.so" to ""
[39.447s] -- Installing: /home/capstone/camera_ws/install/camera_ros/share/camera_ros/cmake/camera_componentTargetsExport.cmake
[39.447s] -- Installing: /home/capstone/camera_ws/install/camera_ros/share/camera_ros/cmake/camera_componentTargetsExport-noconfig.cmake
[39.451s] Invoked command in '/home/capstone/camera_ws/build/camera_ros' returned '0': CMAKE_PREFIX_PATH=${CMAKE_PREFIX_PATH}:/opt/ros/jazzy LD_LIBRARY_PATH=/home/capstone/camera_ws/install/libcamera/lib:/opt/ros/jazzy/lib/aarch64-linux-gnu:/opt/ros/jazzy/lib:/home/capstone/camera_ws/install/camera_ros/lib PATH=/home/capstone/camera_ws/install/libcamera/bin:/opt/ros/jazzy/bin:/usr/local/sbin:/usr/local/bin:/usr/sbin:/usr/bin:/sbin:/bin:/usr/games:/usr/local/games:/snap/bin PYTHONPATH=/home/capstone/camera_ws/install/libcamera/lib/python3.12/site-packages:/opt/ros/jazzy/lib/python3.12/site-packages /usr/bin/cmake --install /home/capstone/camera_ws/build/camera_ros
