[0.015s] Invoking command in '/home/capstone/camera_ws/build/apriltag_ros': CMAKE_PREFIX_PATH=${CMAKE_PREFIX_PATH}:/opt/ros/jazzy LD_LIBRARY_PATH=/home/capstone/camera_ws/install/camera_ros/lib:/home/capstone/camera_ws/install/libcamera/lib:/opt/ros/jazzy/lib/aarch64-linux-gnu:/opt/ros/jazzy/lib PATH=/home/capstone/camera_ws/install/libcamera/bin:/opt/ros/jazzy/bin:/usr/local/sbin:/usr/local/bin:/usr/sbin:/usr/bin:/sbin:/bin:/usr/games:/usr/local/games:/snap/bin PYTHONPATH=/home/capstone/camera_ws/install/libcamera/lib/python3.12/site-packages:/opt/ros/jazzy/lib/python3.12/site-packages /usr/bin/cmake /home/capstone/camera_ws/src/apriltag_ros -DAMENT_CMAKE_SYMLINK_INSTALL=1 -DCMAKE_INSTALL_PREFIX=/home/capstone/camera_ws/install/apriltag_ros
[0.108s] -- The C compiler identification is GNU 13.3.0
[0.200s] -- The CXX compiler identification is GNU 13.3.0
[0.228s] -- Detecting C compiler ABI info
[0.374s] -- Detecting C compiler ABI info - done
[0.389s] -- Check for working C compiler: /usr/bin/cc - skipped
[0.389s] -- Detecting C compile features
[0.390s] -- Detecting C compile features - done
[0.404s] -- Detecting CXX compiler ABI info
[0.567s] -- Detecting CXX compiler ABI info - done
[0.583s] -- Check for working CXX compiler: /usr/bin/c++ - skipped
[0.584s] -- Detecting CXX compile features
[0.584s] -- Detecting CXX compile features - done
[0.587s] -- Found rclcpp: 28.1.10 (/opt/ros/jazzy/share/rclcpp/cmake)
[0.788s] -- Found Python3: /usr/bin/python3 (found version "3.12.3") found components: Interpreter 
[0.900s] -- Override CMake install command with custom implementation using symlinks instead of copying resources
[0.978s] -- Found rosidl_generator_c: 4.6.5 (/opt/ros/jazzy/share/rosidl_generator_c/cmake)
[0.994s] -- Found rosidl_generator_cpp: 4.6.5 (/opt/ros/jazzy/share/rosidl_generator_cpp/cmake)
[1.014s] -- Using all available rosidl_typesupport_c: rosidl_typesupport_fastrtps_c;rosidl_typesupport_introspection_c
[1.036s] -- Using all available rosidl_typesupport_cpp: rosidl_typesupport_fastrtps_cpp;rosidl_typesupport_introspection_cpp
[1.131s] -- Found rmw_implementation_cmake: 7.3.2 (/opt/ros/jazzy/share/rmw_implementation_cmake/cmake)
[1.134s] -- Found rmw_fastrtps_cpp: 8.4.2 (/opt/ros/jazzy/share/rmw_fastrtps_cpp/cmake)
[1.255s] -- Found OpenSSL: /usr/lib/aarch64-linux-gnu/libcrypto.so (found version "3.0.13")  
[1.279s] -- Found FastRTPS: /opt/ros/jazzy/include (Required is at least version "2.13") 
[1.314s] -- Using RMW implementation 'rmw_fastrtps_cpp' as default
[1.403s] -- Found rclcpp_components: 28.1.10 (/opt/ros/jazzy/share/rclcpp_components/cmake)
[1.444s] -- Found sensor_msgs: 5.3.6 (/opt/ros/jazzy/share/sensor_msgs/cmake)
[1.517s] -- Found apriltag_msgs: 2.0.1 (/opt/ros/jazzy/share/apriltag_msgs/cmake)
[1.541s] -- Found tf2_ros: 0.36.12 (/opt/ros/jazzy/share/tf2_ros/cmake)
[1.726s] -- Found image_transport: 5.1.7 (/opt/ros/jazzy/share/image_transport/cmake)
[1.746s] -- Found cv_bridge: 4.1.0 (/opt/ros/jazzy/share/cv_bridge/cmake)
[1.775s] -- Performing Test CMAKE_HAVE_LIBC_PTHREAD
[1.923s] -- Performing Test CMAKE_HAVE_LIBC_PTHREAD - Success
[1.925s] -- Found Threads: TRUE  
[1.928s] -- Found OpenCV: /usr (found version "4.6.0") found components: core calib3d 
[1.947s] -- Found ament_lint_auto: 0.17.2 (/opt/ros/jazzy/share/ament_lint_auto/cmake)
[2.111s] -- Added test 'clang_format' to check C / C++ code style
[2.116s] -- Added test 'cppcheck' to perform static code analysis on C / C++ code
[2.116s] -- Configured cppcheck include dirs: 
[2.117s] -- Configured cppcheck exclude dirs and/or files: 
[2.119s] -- Configuring done (2.1s)
[2.156s] -- Generating done (0.0s)
[2.166s] -- Build files have been written to: /home/capstone/camera_ws/build/apriltag_ros
[2.186s] Invoked command in '/home/capstone/camera_ws/build/apriltag_ros' returned '0': CMAKE_PREFIX_PATH=${CMAKE_PREFIX_PATH}:/opt/ros/jazzy LD_LIBRARY_PATH=/home/capstone/camera_ws/install/camera_ros/lib:/home/capstone/camera_ws/install/libcamera/lib:/opt/ros/jazzy/lib/aarch64-linux-gnu:/opt/ros/jazzy/lib PATH=/home/capstone/camera_ws/install/libcamera/bin:/opt/ros/jazzy/bin:/usr/local/sbin:/usr/local/bin:/usr/sbin:/usr/bin:/sbin:/bin:/usr/games:/usr/local/games:/snap/bin PYTHONPATH=/home/capstone/camera_ws/install/libcamera/lib/python3.12/site-packages:/opt/ros/jazzy/lib/python3.12/site-packages /usr/bin/cmake /home/capstone/camera_ws/src/apriltag_ros -DAMENT_CMAKE_SYMLINK_INSTALL=1 -DCMAKE_INSTALL_PREFIX=/home/capstone/camera_ws/install/apriltag_ros
[2.188s] Invoking command in '/home/capstone/camera_ws/build/apriltag_ros': CMAKE_PREFIX_PATH=${CMAKE_PREFIX_PATH}:/opt/ros/jazzy LD_LIBRARY_PATH=/home/capstone/camera_ws/install/camera_ros/lib:/home/capstone/camera_ws/install/libcamera/lib:/opt/ros/jazzy/lib/aarch64-linux-gnu:/opt/ros/jazzy/lib PATH=/home/capstone/camera_ws/install/libcamera/bin:/opt/ros/jazzy/bin:/usr/local/sbin:/usr/local/bin:/usr/sbin:/usr/bin:/sbin:/bin:/usr/games:/usr/local/games:/snap/bin PYTHONPATH=/home/capstone/camera_ws/install/libcamera/lib/python3.12/site-packages:/opt/ros/jazzy/lib/python3.12/site-packages /usr/bin/cmake --build /home/capstone/camera_ws/build/apriltag_ros -- -j4 -l4
[2.299s] [ 20%] [32mBuilding CXX object CMakeFiles/tags.dir/src/tag_functions.cpp.o[0m
[2.299s] [ 20%] [32mBuilding CXX object CMakeFiles/conversion.dir/src/conversion.cpp.o[0m
[2.300s] [ 30%] [32mBuilding CXX object CMakeFiles/apriltag_node.dir/rclcpp_components/node_main_apriltag_node.cpp.o[0m
[2.795s] [ 40%] [32m[1mLinking CXX static library libtags.a[0m
[2.868s] [ 40%] Built target tags
[5.592s] [ 50%] [32m[1mLinking CXX static library libconversion.a[0m
[5.669s] [ 50%] Built target conversion
[5.702s] [ 60%] [32mBuilding CXX object CMakeFiles/pose_estimation.dir/src/pose_estimation.cpp.o[0m
[7.168s] [ 70%] [32m[1mLinking CXX executable apriltag_node[0m
[7.398s] [ 70%] Built target apriltag_node
[8.646s] [ 80%] [32m[1mLinking CXX static library libpose_estimation.a[0m
[8.723s] [ 80%] Built target pose_estimation
[8.760s] [ 90%] [32mBuilding CXX object CMakeFiles/AprilTagNode.dir/src/AprilTagNode.cpp.o[0m
[20.277s] [100%] [32m[1mLinking CXX shared library libAprilTagNode.so[0m
[21.115s] [100%] Built target AprilTagNode
[21.136s] Invoked command in '/home/capstone/camera_ws/build/apriltag_ros' returned '0': CMAKE_PREFIX_PATH=${CMAKE_PREFIX_PATH}:/opt/ros/jazzy LD_LIBRARY_PATH=/home/capstone/camera_ws/install/camera_ros/lib:/home/capstone/camera_ws/install/libcamera/lib:/opt/ros/jazzy/lib/aarch64-linux-gnu:/opt/ros/jazzy/lib PATH=/home/capstone/camera_ws/install/libcamera/bin:/opt/ros/jazzy/bin:/usr/local/sbin:/usr/local/bin:/usr/sbin:/usr/bin:/sbin:/bin:/usr/games:/usr/local/games:/snap/bin PYTHONPATH=/home/capstone/camera_ws/install/libcamera/lib/python3.12/site-packages:/opt/ros/jazzy/lib/python3.12/site-packages /usr/bin/cmake --build /home/capstone/camera_ws/build/apriltag_ros -- -j4 -l4
[21.138s] Invoking command in '/home/capstone/camera_ws/build/apriltag_ros': CMAKE_PREFIX_PATH=${CMAKE_PREFIX_PATH}:/opt/ros/jazzy LD_LIBRARY_PATH=/home/capstone/camera_ws/install/camera_ros/lib:/home/capstone/camera_ws/install/libcamera/lib:/opt/ros/jazzy/lib/aarch64-linux-gnu:/opt/ros/jazzy/lib PATH=/home/capstone/camera_ws/install/libcamera/bin:/opt/ros/jazzy/bin:/usr/local/sbin:/usr/local/bin:/usr/sbin:/usr/bin:/sbin:/bin:/usr/games:/usr/local/games:/snap/bin PYTHONPATH=/home/capstone/camera_ws/install/libcamera/lib/python3.12/site-packages:/opt/ros/jazzy/lib/python3.12/site-packages /usr/bin/cmake --install /home/capstone/camera_ws/build/apriltag_ros
[21.151s] -- Install configuration: ""
[21.151s] -- Execute custom install script
[21.152s] -- Symlinking: /home/capstone/camera_ws/install/apriltag_ros/lib/apriltag_ros/apriltag_node
[21.168s] -- Symlinking: /home/capstone/camera_ws/install/apriltag_ros/share/apriltag_ros/environment/library_path.sh
[21.183s] -- Symlinking: /home/capstone/camera_ws/install/apriltag_ros/share/apriltag_ros/environment/library_path.dsv
[21.199s] -- Symlinking: /home/capstone/camera_ws/install/apriltag_ros/lib/libAprilTagNode.so
[21.214s] -- Symlinking: /home/capstone/camera_ws/install/apriltag_ros/share/apriltag_ros/cfg/tags_36h11.yaml
[21.231s] -- Symlinking: /home/capstone/camera_ws/install/apriltag_ros/share/apriltag_ros/launch/camera_36h11.launch.yml
[21.246s] -- Symlinking: /home/capstone/camera_ws/install/apriltag_ros/share/ament_index/resource_index/package_run_dependencies/apriltag_ros
[21.263s] -- Symlinking: /home/capstone/camera_ws/install/apriltag_ros/share/ament_index/resource_index/parent_prefix_path/apriltag_ros
[21.278s] -- Symlinking: /home/capstone/camera_ws/install/apriltag_ros/share/apriltag_ros/environment/ament_prefix_path.sh
[21.295s] -- Symlinking: /home/capstone/camera_ws/install/apriltag_ros/share/apriltag_ros/environment/ament_prefix_path.dsv
[21.310s] -- Symlinking: /home/capstone/camera_ws/install/apriltag_ros/share/apriltag_ros/environment/path.sh
[21.326s] -- Symlinking: /home/capstone/camera_ws/install/apriltag_ros/share/apriltag_ros/environment/path.dsv
[21.342s] -- Symlinking: /home/capstone/camera_ws/install/apriltag_ros/share/apriltag_ros/local_setup.bash
[21.358s] -- Symlinking: /home/capstone/camera_ws/install/apriltag_ros/share/apriltag_ros/local_setup.sh
[21.374s] -- Symlinking: /home/capstone/camera_ws/install/apriltag_ros/share/apriltag_ros/local_setup.zsh
[21.391s] -- Symlinking: /home/capstone/camera_ws/install/apriltag_ros/share/apriltag_ros/local_setup.dsv
[21.406s] -- Symlinking: /home/capstone/camera_ws/install/apriltag_ros/share/apriltag_ros/package.dsv
[21.422s] -- Symlinking: /home/capstone/camera_ws/install/apriltag_ros/share/ament_index/resource_index/packages/apriltag_ros
[21.438s] -- Symlinking: /home/capstone/camera_ws/install/apriltag_ros/share/ament_index/resource_index/rclcpp_components/apriltag_ros
[21.455s] -- Symlinking: /home/capstone/camera_ws/install/apriltag_ros/share/apriltag_ros/cmake/apriltag_rosConfig.cmake
[21.470s] -- Symlinking: /home/capstone/camera_ws/install/apriltag_ros/share/apriltag_ros/cmake/apriltag_rosConfig-version.cmake
[21.486s] -- Symlinking: /home/capstone/camera_ws/install/apriltag_ros/share/apriltag_ros/package.xml
[21.504s] Invoked command in '/home/capstone/camera_ws/build/apriltag_ros' returned '0': CMAKE_PREFIX_PATH=${CMAKE_PREFIX_PATH}:/opt/ros/jazzy LD_LIBRARY_PATH=/home/capstone/camera_ws/install/camera_ros/lib:/home/capstone/camera_ws/install/libcamera/lib:/opt/ros/jazzy/lib/aarch64-linux-gnu:/opt/ros/jazzy/lib PATH=/home/capstone/camera_ws/install/libcamera/bin:/opt/ros/jazzy/bin:/usr/local/sbin:/usr/local/bin:/usr/sbin:/usr/bin:/sbin:/bin:/usr/games:/usr/local/games:/snap/bin PYTHONPATH=/home/capstone/camera_ws/install/libcamera/lib/python3.12/site-packages:/opt/ros/jazzy/lib/python3.12/site-packages /usr/bin/cmake --install /home/capstone/camera_ws/build/apriltag_ros
