[0.023s] Invoking command in '/home/capstone/camera_ws/build/apriltag_ros': CMAKE_PREFIX_PATH=/home/capstone/camera_ws/install/camera_ros:/home/capstone/camera_ws/install/apriltag_ros:/opt/ros/jazzy LD_LIBRARY_PATH=/home/capstone/camera_ws/install/camera_ros/lib:/home/capstone/camera_ws/install/libcamera/lib:/home/capstone/camera_ws/install/apriltag_ros/lib:/opt/ros/jazzy/lib/aarch64-linux-gnu:/opt/ros/jazzy/lib /usr/bin/cmake /home/capstone/camera_ws/src/apriltag_ros -DCMAKE_INSTALL_PREFIX=/home/capstone/camera_ws/install/apriltag_ros
[0.051s] -- Found rclcpp: 28.1.10 (/opt/ros/jazzy/share/rclcpp/cmake)
[0.399s] -- Override CMake install command with custom implementation using symlinks instead of copying resources
[0.453s] -- Found rosidl_generator_c: 4.6.5 (/opt/ros/jazzy/share/rosidl_generator_c/cmake)
[0.466s] -- Found rosidl_generator_cpp: 4.6.5 (/opt/ros/jazzy/share/rosidl_generator_cpp/cmake)
[0.483s] -- Using all available rosidl_typesupport_c: rosidl_typesupport_fastrtps_c;rosidl_typesupport_introspection_c
[0.503s] -- Using all available rosidl_typesupport_cpp: rosidl_typesupport_fastrtps_cpp;rosidl_typesupport_introspection_cpp
[0.586s] -- Found rmw_implementation_cmake: 7.3.2 (/opt/ros/jazzy/share/rmw_implementation_cmake/cmake)
[0.588s] -- Found rmw_fastrtps_cpp: 8.4.2 (/opt/ros/jazzy/share/rmw_fastrtps_cpp/cmake)
[0.678s] -- Using RMW implementation 'rmw_fastrtps_cpp' as default
[0.759s] -- Found rclcpp_components: 28.1.10 (/opt/ros/jazzy/share/rclcpp_components/cmake)
[0.794s] -- Found sensor_msgs: 5.3.6 (/opt/ros/jazzy/share/sensor_msgs/cmake)
[0.868s] -- Found apriltag_msgs: 2.0.1 (/opt/ros/jazzy/share/apriltag_msgs/cmake)
[0.913s] -- Found tf2_ros: 0.36.12 (/opt/ros/jazzy/share/tf2_ros/cmake)
[1.089s] -- Found image_transport: 5.1.7 (/opt/ros/jazzy/share/image_transport/cmake)
[1.105s] -- Found cv_bridge: 4.1.0 (/opt/ros/jazzy/share/cv_bridge/cmake)
[1.159s] -- Found ament_lint_auto: 0.17.2 (/opt/ros/jazzy/share/ament_lint_auto/cmake)
[1.353s] -- Added test 'clang_format' to check C / C++ code style
[1.359s] -- Added test 'cppcheck' to perform static code analysis on C / C++ code
[1.359s] -- Configured cppcheck include dirs: 
[1.360s] -- Configured cppcheck exclude dirs and/or files: 
[1.365s] -- Configuring done (1.3s)
[1.444s] -- Generating done (0.1s)
[1.471s] -- Build files have been written to: /home/capstone/camera_ws/build/apriltag_ros
[1.491s] Invoked command in '/home/capstone/camera_ws/build/apriltag_ros' returned '0': CMAKE_PREFIX_PATH=/home/capstone/camera_ws/install/camera_ros:/home/capstone/camera_ws/install/apriltag_ros:/opt/ros/jazzy LD_LIBRARY_PATH=/home/capstone/camera_ws/install/camera_ros/lib:/home/capstone/camera_ws/install/libcamera/lib:/home/capstone/camera_ws/install/apriltag_ros/lib:/opt/ros/jazzy/lib/aarch64-linux-gnu:/opt/ros/jazzy/lib /usr/bin/cmake /home/capstone/camera_ws/src/apriltag_ros -DCMAKE_INSTALL_PREFIX=/home/capstone/camera_ws/install/apriltag_ros
[1.493s] Invoking command in '/home/capstone/camera_ws/build/apriltag_ros': CMAKE_PREFIX_PATH=/home/capstone/camera_ws/install/camera_ros:/home/capstone/camera_ws/install/apriltag_ros:/opt/ros/jazzy LD_LIBRARY_PATH=/home/capstone/camera_ws/install/camera_ros/lib:/home/capstone/camera_ws/install/libcamera/lib:/home/capstone/camera_ws/install/apriltag_ros/lib:/opt/ros/jazzy/lib/aarch64-linux-gnu:/opt/ros/jazzy/lib /usr/bin/cmake --build /home/capstone/camera_ws/build/apriltag_ros -- -j4 -l4
[1.598s] [ 20%] Built target tags
[1.609s] [ 40%] Built target apriltag_node
[1.614s] [ 60%] Built target conversion
[1.667s] [ 80%] Built target pose_estimation
[1.734s] [100%] Built target AprilTagNode
[1.756s] Invoked command in '/home/capstone/camera_ws/build/apriltag_ros' returned '0': CMAKE_PREFIX_PATH=/home/capstone/camera_ws/install/camera_ros:/home/capstone/camera_ws/install/apriltag_ros:/opt/ros/jazzy LD_LIBRARY_PATH=/home/capstone/camera_ws/install/camera_ros/lib:/home/capstone/camera_ws/install/libcamera/lib:/home/capstone/camera_ws/install/apriltag_ros/lib:/opt/ros/jazzy/lib/aarch64-linux-gnu:/opt/ros/jazzy/lib /usr/bin/cmake --build /home/capstone/camera_ws/build/apriltag_ros -- -j4 -l4
[1.760s] Invoking command in '/home/capstone/camera_ws/build/apriltag_ros': CMAKE_PREFIX_PATH=/home/capstone/camera_ws/install/camera_ros:/home/capstone/camera_ws/install/apriltag_ros:/opt/ros/jazzy LD_LIBRARY_PATH=/home/capstone/camera_ws/install/camera_ros/lib:/home/capstone/camera_ws/install/libcamera/lib:/home/capstone/camera_ws/install/apriltag_ros/lib:/opt/ros/jazzy/lib/aarch64-linux-gnu:/opt/ros/jazzy/lib /usr/bin/cmake --install /home/capstone/camera_ws/build/apriltag_ros
[1.774s] -- Install configuration: ""
[1.774s] -- Execute custom install script
[1.775s] -- Up-to-date symlink: /home/capstone/camera_ws/install/apriltag_ros/lib/apriltag_ros/apriltag_node
[1.778s] -- Up-to-date symlink: /home/capstone/camera_ws/install/apriltag_ros/share/apriltag_ros/environment/library_path.sh
[1.778s] -- Up-to-date symlink: /home/capstone/camera_ws/install/apriltag_ros/share/apriltag_ros/environment/library_path.dsv
[1.778s] -- Up-to-date symlink: /home/capstone/camera_ws/install/apriltag_ros/lib/libAprilTagNode.so
[1.779s] -- Up-to-date symlink: /home/capstone/camera_ws/install/apriltag_ros/share/apriltag_ros/cfg/tags_36h11.yaml
[1.780s] -- Up-to-date symlink: /home/capstone/camera_ws/install/apriltag_ros/share/apriltag_ros/launch/camera_36h11.launch.yml
[1.780s] -- Up-to-date symlink: /home/capstone/camera_ws/install/apriltag_ros/share/ament_index/resource_index/package_run_dependencies/apriltag_ros
[1.781s] -- Up-to-date symlink: /home/capstone/camera_ws/install/apriltag_ros/share/ament_index/resource_index/parent_prefix_path/apriltag_ros
[1.782s] -- Up-to-date symlink: /home/capstone/camera_ws/install/apriltag_ros/share/apriltag_ros/environment/ament_prefix_path.sh
[1.782s] -- Up-to-date symlink: /home/capstone/camera_ws/install/apriltag_ros/share/apriltag_ros/environment/ament_prefix_path.dsv
[1.783s] -- Up-to-date symlink: /home/capstone/camera_ws/install/apriltag_ros/share/apriltag_ros/environment/path.sh
[1.783s] -- Up-to-date symlink: /home/capstone/camera_ws/install/apriltag_ros/share/apriltag_ros/environment/path.dsv
[1.783s] -- Up-to-date symlink: /home/capstone/camera_ws/install/apriltag_ros/share/apriltag_ros/local_setup.bash
[1.784s] -- Up-to-date symlink: /home/capstone/camera_ws/install/apriltag_ros/share/apriltag_ros/local_setup.sh
[1.784s] -- Up-to-date symlink: /home/capstone/camera_ws/install/apriltag_ros/share/apriltag_ros/local_setup.zsh
[1.785s] -- Up-to-date symlink: /home/capstone/camera_ws/install/apriltag_ros/share/apriltag_ros/local_setup.dsv
[1.785s] -- Symlinking: /home/capstone/camera_ws/install/apriltag_ros/share/apriltag_ros/package.dsv
[1.803s] -- Up-to-date symlink: /home/capstone/camera_ws/install/apriltag_ros/share/ament_index/resource_index/packages/apriltag_ros
[1.806s] -- Up-to-date symlink: /home/capstone/camera_ws/install/apriltag_ros/share/ament_index/resource_index/rclcpp_components/apriltag_ros
[1.807s] -- Up-to-date symlink: /home/capstone/camera_ws/install/apriltag_ros/share/apriltag_ros/cmake/apriltag_rosConfig.cmake
[1.807s] -- Up-to-date symlink: /home/capstone/camera_ws/install/apriltag_ros/share/apriltag_ros/cmake/apriltag_rosConfig-version.cmake
[1.807s] -- Up-to-date symlink: /home/capstone/camera_ws/install/apriltag_ros/share/apriltag_ros/package.xml
[1.811s] Invoked command in '/home/capstone/camera_ws/build/apriltag_ros' returned '0': CMAKE_PREFIX_PATH=/home/capstone/camera_ws/install/camera_ros:/home/capstone/camera_ws/install/apriltag_ros:/opt/ros/jazzy LD_LIBRARY_PATH=/home/capstone/camera_ws/install/camera_ros/lib:/home/capstone/camera_ws/install/libcamera/lib:/home/capstone/camera_ws/install/apriltag_ros/lib:/opt/ros/jazzy/lib/aarch64-linux-gnu:/opt/ros/jazzy/lib /usr/bin/cmake --install /home/capstone/camera_ws/build/apriltag_ros
