[0.291s] DEBUG:colcon:Command line arguments: ['/usr/bin/colcon', 'build', '--symlink-install']
[0.291s] DEBUG:colcon:Parsed command line arguments: Namespace(log_base=None, log_level=None, verb_name='build', build_base='build', install_base='install', merge_install=False, symlink_install=True, test_result_base=None, continue_on_error=False, executor='parallel', parallel_workers=4, event_handlers=None, ignore_user_meta=False, metas=['./colcon.meta'], base_paths=['.'], packages_ignore=None, packages_ignore_regex=None, paths=None, packages_up_to=None, packages_up_to_regex=None, packages_above=None, packages_above_and_dependencies=None, packages_above_depth=None, packages_select_by_dep=None, packages_skip_by_dep=None, packages_skip_up_to=None, packages_select_build_failed=False, packages_skip_build_finished=False, packages_select_test_failures=False, packages_skip_test_passed=False, packages_select=None, packages_skip=None, packages_select_regex=None, packages_skip_regex=None, packages_start=None, packages_end=None, allow_overriding=[], cmake_args=None, cmake_target=None, cmake_target_skip_unavailable=False, cmake_clean_cache=False, cmake_clean_first=False, cmake_force_configure=False, meson_args=[], ament_cmake_args=None, catkin_cmake_args=None, catkin_skip_building_tests=False, verb_parser=<colcon_defaults.argument_parser.defaults.DefaultArgumentsDecorator object at 0xffffb6761640>, verb_extension=<colcon_core.verb.build.BuildVerb object at 0xffffb7286780>, main=<bound method BuildVerb.main of <colcon_core.verb.build.BuildVerb object at 0xffffb7286780>>)
[0.347s] Level 1:colcon.colcon_core.package_discovery:discover_packages(colcon_meta) check parameters
[0.347s] Level 1:colcon.colcon_core.package_discovery:discover_packages(recursive) check parameters
[0.347s] Level 1:colcon.colcon_core.package_discovery:discover_packages(ignore) check parameters
[0.347s] Level 1:colcon.colcon_core.package_discovery:discover_packages(path) check parameters
[0.347s] Level 1:colcon.colcon_core.package_discovery:discover_packages(colcon_meta) discover
[0.347s] Level 1:colcon.colcon_core.package_discovery:discover_packages(recursive) discover
[0.347s] INFO:colcon.colcon_core.package_discovery:Crawling recursively for packages in '/home/capstone/camera_ws'
[0.347s] Level 1:colcon.colcon_core.package_identification:_identify(.) by extensions ['ignore', 'ignore_ament_install']
[0.348s] Level 1:colcon.colcon_core.package_identification:_identify(.) by extension 'ignore'
[0.348s] Level 1:colcon.colcon_core.package_identification:_identify(.) by extension 'ignore_ament_install'
[0.348s] Level 1:colcon.colcon_core.package_identification:_identify(.) by extensions ['colcon_pkg']
[0.348s] Level 1:colcon.colcon_core.package_identification:_identify(.) by extension 'colcon_pkg'
[0.348s] Level 1:colcon.colcon_core.package_identification:_identify(.) by extensions ['colcon_meta']
[0.348s] Level 1:colcon.colcon_core.package_identification:_identify(.) by extension 'colcon_meta'
[0.348s] Level 1:colcon.colcon_core.package_identification:_identify(.) by extensions ['ros']
[0.348s] Level 1:colcon.colcon_core.package_identification:_identify(.) by extension 'ros'
[0.414s] Level 1:colcon.colcon_core.package_identification:_identify(.) by extensions ['cmake', 'meson', 'python']
[0.414s] Level 1:colcon.colcon_core.package_identification:_identify(.) by extension 'cmake'
[0.414s] Level 1:colcon.colcon_core.package_identification:_identify(.) by extension 'meson'
[0.415s] Level 1:colcon.colcon_core.package_identification:_identify(.) by extension 'python'
[0.415s] Level 1:colcon.colcon_core.package_identification:_identify(.) by extensions ['python_setup_py']
[0.415s] Level 1:colcon.colcon_core.package_identification:_identify(.) by extension 'python_setup_py'
[0.415s] Level 1:colcon.colcon_core.package_identification:_identify(build) by extensions ['ignore', 'ignore_ament_install']
[0.415s] Level 1:colcon.colcon_core.package_identification:_identify(build) by extension 'ignore'
[0.415s] Level 1:colcon.colcon_core.package_identification:_identify(build) ignored
[0.415s] Level 1:colcon.colcon_core.package_identification:_identify(install) by extensions ['ignore', 'ignore_ament_install']
[0.415s] Level 1:colcon.colcon_core.package_identification:_identify(install) by extension 'ignore'
[0.415s] Level 1:colcon.colcon_core.package_identification:_identify(install) ignored
[0.415s] Level 1:colcon.colcon_core.package_identification:_identify(log) by extensions ['ignore', 'ignore_ament_install']
[0.416s] Level 1:colcon.colcon_core.package_identification:_identify(log) by extension 'ignore'
[0.416s] Level 1:colcon.colcon_core.package_identification:_identify(log) ignored
[0.416s] Level 1:colcon.colcon_core.package_identification:_identify(src) by extensions ['ignore', 'ignore_ament_install']
[0.416s] Level 1:colcon.colcon_core.package_identification:_identify(src) by extension 'ignore'
[0.416s] Level 1:colcon.colcon_core.package_identification:_identify(src) by extension 'ignore_ament_install'
[0.416s] Level 1:colcon.colcon_core.package_identification:_identify(src) by extensions ['colcon_pkg']
[0.416s] Level 1:colcon.colcon_core.package_identification:_identify(src) by extension 'colcon_pkg'
[0.416s] Level 1:colcon.colcon_core.package_identification:_identify(src) by extensions ['colcon_meta']
[0.416s] Level 1:colcon.colcon_core.package_identification:_identify(src) by extension 'colcon_meta'
[0.416s] Level 1:colcon.colcon_core.package_identification:_identify(src) by extensions ['ros']
[0.416s] Level 1:colcon.colcon_core.package_identification:_identify(src) by extension 'ros'
[0.416s] Level 1:colcon.colcon_core.package_identification:_identify(src) by extensions ['cmake', 'meson', 'python']
[0.416s] Level 1:colcon.colcon_core.package_identification:_identify(src) by extension 'cmake'
[0.416s] Level 1:colcon.colcon_core.package_identification:_identify(src) by extension 'meson'
[0.416s] Level 1:colcon.colcon_core.package_identification:_identify(src) by extension 'python'
[0.416s] Level 1:colcon.colcon_core.package_identification:_identify(src) by extensions ['python_setup_py']
[0.416s] Level 1:colcon.colcon_core.package_identification:_identify(src) by extension 'python_setup_py'
[0.416s] Level 1:colcon.colcon_core.package_identification:_identify(src/apriltag_ros) by extensions ['ignore', 'ignore_ament_install']
[0.417s] Level 1:colcon.colcon_core.package_identification:_identify(src/apriltag_ros) by extension 'ignore'
[0.417s] Level 1:colcon.colcon_core.package_identification:_identify(src/apriltag_ros) by extension 'ignore_ament_install'
[0.417s] Level 1:colcon.colcon_core.package_identification:_identify(src/apriltag_ros) by extensions ['colcon_pkg']
[0.417s] Level 1:colcon.colcon_core.package_identification:_identify(src/apriltag_ros) by extension 'colcon_pkg'
[0.417s] Level 1:colcon.colcon_core.package_identification:_identify(src/apriltag_ros) by extensions ['colcon_meta']
[0.417s] Level 1:colcon.colcon_core.package_identification:_identify(src/apriltag_ros) by extension 'colcon_meta'
[0.417s] Level 1:colcon.colcon_core.package_identification:_identify(src/apriltag_ros) by extensions ['ros']
[0.417s] Level 1:colcon.colcon_core.package_identification:_identify(src/apriltag_ros) by extension 'ros'
[0.423s] DEBUG:colcon.colcon_core.package_identification:Package 'src/apriltag_ros' with type 'ros.ament_cmake' and name 'apriltag_ros'
[0.424s] Level 1:colcon.colcon_core.package_identification:_identify(src/camera_ros) by extensions ['ignore', 'ignore_ament_install']
[0.424s] Level 1:colcon.colcon_core.package_identification:_identify(src/camera_ros) by extension 'ignore'
[0.424s] Level 1:colcon.colcon_core.package_identification:_identify(src/camera_ros) by extension 'ignore_ament_install'
[0.424s] Level 1:colcon.colcon_core.package_identification:_identify(src/camera_ros) by extensions ['colcon_pkg']
[0.424s] Level 1:colcon.colcon_core.package_identification:_identify(src/camera_ros) by extension 'colcon_pkg'
[0.424s] Level 1:colcon.colcon_core.package_identification:_identify(src/camera_ros) by extensions ['colcon_meta']
[0.424s] Level 1:colcon.colcon_core.package_identification:_identify(src/camera_ros) by extension 'colcon_meta'
[0.424s] Level 1:colcon.colcon_core.package_identification:_identify(src/camera_ros) by extensions ['ros']
[0.424s] Level 1:colcon.colcon_core.package_identification:_identify(src/camera_ros) by extension 'ros'
[0.426s] DEBUG:colcon.colcon_core.package_identification:Package 'src/camera_ros' with type 'ros.ament_cmake' and name 'camera_ros'
[0.426s] Level 1:colcon.colcon_core.package_identification:_identify(src/libcamera) by extensions ['ignore', 'ignore_ament_install']
[0.426s] Level 1:colcon.colcon_core.package_identification:_identify(src/libcamera) by extension 'ignore'
[0.426s] Level 1:colcon.colcon_core.package_identification:_identify(src/libcamera) by extension 'ignore_ament_install'
[0.426s] Level 1:colcon.colcon_core.package_identification:_identify(src/libcamera) by extensions ['colcon_pkg']
[0.426s] Level 1:colcon.colcon_core.package_identification:_identify(src/libcamera) by extension 'colcon_pkg'
[0.426s] Level 1:colcon.colcon_core.package_identification:_identify(src/libcamera) by extensions ['colcon_meta']
[0.426s] Level 1:colcon.colcon_core.package_identification:_identify(src/libcamera) by extension 'colcon_meta'
[0.426s] Level 1:colcon.colcon_core.package_identification:_identify(src/libcamera) by extensions ['ros']
[0.426s] Level 1:colcon.colcon_core.package_identification:_identify(src/libcamera) by extension 'ros'
[0.426s] Level 1:colcon.colcon_core.package_identification:_identify(src/libcamera) by extensions ['cmake', 'meson', 'python']
[0.426s] Level 1:colcon.colcon_core.package_identification:_identify(src/libcamera) by extension 'cmake'
[0.426s] Level 1:colcon.colcon_core.package_identification:_identify(src/libcamera) by extension 'meson'
[0.565s] INFO:colcon.colcon_meson.identification:'libcamera' dependencies: {'', 'libunwind', 'pybind11', 'libdrm', 'libdw', 'python3', 'libudev', 'lttng-ust', 'yaml-0.1', 'qt6', 'libcros_camera', 'gstreamer-app-1.0', 'glib-2.0', 'libjpeg', 'gnutls', 'gtest', 'threads', 'SDL2', 'libexif', 'gstreamer-allocators-1.0', 'libevent_pthreads', 'libtiff-4', 'gstreamer-1.0', 'gstreamer-video-1.0'}
[0.565s] Level 1:colcon.colcon_core.package_identification:_identify(src/libcamera) by extension 'python'
[0.566s] DEBUG:colcon.colcon_core.package_identification:Package 'src/libcamera' with type 'meson' and name 'libcamera'
[0.566s] Level 1:colcon.colcon_core.package_discovery:discover_packages(recursive) using defaults
[0.566s] Level 1:colcon.colcon_core.package_discovery:discover_packages(ignore) discover
[0.566s] Level 1:colcon.colcon_core.package_discovery:discover_packages(ignore) using defaults
[0.566s] Level 1:colcon.colcon_core.package_discovery:discover_packages(path) discover
[0.566s] Level 1:colcon.colcon_core.package_discovery:discover_packages(path) using defaults
[0.586s] Level 1:colcon.colcon_core.package_discovery:discover_packages(prefix_path) check parameters
[0.586s] Level 1:colcon.colcon_core.package_discovery:discover_packages(prefix_path) discover
[0.587s] WARNING:colcon.colcon_ros.prefix_path.ament:The path '/home/capstone/camera_ws/install/camera_ros' in the environment variable AMENT_PREFIX_PATH doesn't exist
[0.587s] WARNING:colcon.colcon_ros.prefix_path.catkin:The path '/home/capstone/camera_ws/install/camera_ros' in the environment variable CMAKE_PREFIX_PATH doesn't exist
[0.588s] DEBUG:colcon.colcon_installed_package_information.package_discovery:Found 0 installed packages in /home/capstone/camera_ws/install
[0.590s] DEBUG:colcon.colcon_installed_package_information.package_discovery:Found 223 installed packages in /opt/ros/jazzy
[0.591s] Level 1:colcon.colcon_core.package_discovery:discover_packages(prefix_path) using defaults
[0.646s] Level 5:colcon.colcon_core.verb:set package 'libcamera' build argument 'cmake_args' from command line to 'None'
[0.646s] Level 5:colcon.colcon_core.verb:set package 'libcamera' build argument 'cmake_target' from command line to 'None'
[0.646s] Level 5:colcon.colcon_core.verb:set package 'libcamera' build argument 'cmake_target_skip_unavailable' from command line to 'False'
[0.646s] Level 5:colcon.colcon_core.verb:set package 'libcamera' build argument 'cmake_clean_cache' from command line to 'False'
[0.646s] Level 5:colcon.colcon_core.verb:set package 'libcamera' build argument 'cmake_clean_first' from command line to 'False'
[0.646s] Level 5:colcon.colcon_core.verb:set package 'libcamera' build argument 'cmake_force_configure' from command line to 'False'
[0.646s] Level 5:colcon.colcon_core.verb:set package 'libcamera' build argument 'meson_args' from command line to '[]'
[0.646s] Level 5:colcon.colcon_core.verb:set package 'libcamera' build argument 'ament_cmake_args' from command line to 'None'
[0.646s] Level 5:colcon.colcon_core.verb:set package 'libcamera' build argument 'catkin_cmake_args' from command line to 'None'
[0.646s] Level 5:colcon.colcon_core.verb:set package 'libcamera' build argument 'catkin_skip_building_tests' from command line to 'False'
[0.647s] DEBUG:colcon.colcon_core.verb:Building package 'libcamera' with the following arguments: {'ament_cmake_args': None, 'build_base': '/home/capstone/camera_ws/build/libcamera', 'catkin_cmake_args': None, 'catkin_skip_building_tests': False, 'cmake_args': None, 'cmake_clean_cache': False, 'cmake_clean_first': False, 'cmake_force_configure': False, 'cmake_target': None, 'cmake_target_skip_unavailable': False, 'install_base': '/home/capstone/camera_ws/install/libcamera', 'merge_install': False, 'meson_args': [], 'path': '/home/capstone/camera_ws/src/libcamera', 'symlink_install': True, 'test_result_base': None}
[0.659s] Level 5:colcon.colcon_core.verb:set package 'camera_ros' build argument 'cmake_args' from command line to 'None'
[0.659s] Level 5:colcon.colcon_core.verb:set package 'camera_ros' build argument 'cmake_target' from command line to 'None'
[0.659s] Level 5:colcon.colcon_core.verb:set package 'camera_ros' build argument 'cmake_target_skip_unavailable' from command line to 'False'
[0.659s] Level 5:colcon.colcon_core.verb:set package 'camera_ros' build argument 'cmake_clean_cache' from command line to 'False'
[0.659s] Level 5:colcon.colcon_core.verb:set package 'camera_ros' build argument 'cmake_clean_first' from command line to 'False'
[0.659s] Level 5:colcon.colcon_core.verb:set package 'camera_ros' build argument 'cmake_force_configure' from command line to 'False'
[0.660s] Level 5:colcon.colcon_core.verb:set package 'camera_ros' build argument 'meson_args' from command line to '[]'
[0.660s] Level 5:colcon.colcon_core.verb:set package 'camera_ros' build argument 'ament_cmake_args' from command line to 'None'
[0.660s] Level 5:colcon.colcon_core.verb:set package 'camera_ros' build argument 'catkin_cmake_args' from command line to 'None'
[0.660s] Level 5:colcon.colcon_core.verb:set package 'camera_ros' build argument 'catkin_skip_building_tests' from command line to 'False'
[0.660s] DEBUG:colcon.colcon_core.verb:Building package 'camera_ros' with the following arguments: {'ament_cmake_args': None, 'build_base': '/home/capstone/camera_ws/build/camera_ros', 'catkin_cmake_args': None, 'catkin_skip_building_tests': False, 'cmake_args': None, 'cmake_clean_cache': False, 'cmake_clean_first': False, 'cmake_force_configure': False, 'cmake_target': None, 'cmake_target_skip_unavailable': False, 'install_base': '/home/capstone/camera_ws/install/camera_ros', 'merge_install': False, 'meson_args': [], 'path': '/home/capstone/camera_ws/src/camera_ros', 'symlink_install': True, 'test_result_base': None}
[0.673s] Level 5:colcon.colcon_core.verb:set package 'apriltag_ros' build argument 'cmake_args' from command line to 'None'
[0.673s] Level 5:colcon.colcon_core.verb:set package 'apriltag_ros' build argument 'cmake_target' from command line to 'None'
[0.673s] Level 5:colcon.colcon_core.verb:set package 'apriltag_ros' build argument 'cmake_target_skip_unavailable' from command line to 'False'
[0.673s] Level 5:colcon.colcon_core.verb:set package 'apriltag_ros' build argument 'cmake_clean_cache' from command line to 'False'
[0.673s] Level 5:colcon.colcon_core.verb:set package 'apriltag_ros' build argument 'cmake_clean_first' from command line to 'False'
[0.673s] Level 5:colcon.colcon_core.verb:set package 'apriltag_ros' build argument 'cmake_force_configure' from command line to 'False'
[0.673s] Level 5:colcon.colcon_core.verb:set package 'apriltag_ros' build argument 'meson_args' from command line to '[]'
[0.673s] Level 5:colcon.colcon_core.verb:set package 'apriltag_ros' build argument 'ament_cmake_args' from command line to 'None'
[0.673s] Level 5:colcon.colcon_core.verb:set package 'apriltag_ros' build argument 'catkin_cmake_args' from command line to 'None'
[0.673s] Level 5:colcon.colcon_core.verb:set package 'apriltag_ros' build argument 'catkin_skip_building_tests' from command line to 'False'
[0.673s] DEBUG:colcon.colcon_core.verb:Building package 'apriltag_ros' with the following arguments: {'ament_cmake_args': None, 'build_base': '/home/capstone/camera_ws/build/apriltag_ros', 'catkin_cmake_args': None, 'catkin_skip_building_tests': False, 'cmake_args': None, 'cmake_clean_cache': False, 'cmake_clean_first': False, 'cmake_force_configure': False, 'cmake_target': None, 'cmake_target_skip_unavailable': False, 'install_base': '/home/capstone/camera_ws/install/apriltag_ros', 'merge_install': False, 'meson_args': [], 'path': '/home/capstone/camera_ws/src/apriltag_ros', 'symlink_install': True, 'test_result_base': None}
[0.673s] INFO:colcon.colcon_core.executor:Executing jobs using 'parallel' executor
[0.675s] DEBUG:colcon.colcon_parallel_executor.executor.parallel:run_until_complete
[0.677s] INFO:colcon.colcon_core.plugin_system:Skipping extension 'colcon_core.shell.bat': Not used on non-Windows systems
[0.678s] INFO:colcon.colcon_core.shell:Skip shell extension 'powershell' for command environment: Not usable outside of PowerShell
[0.678s] DEBUG:colcon.colcon_core.shell:Skip shell extension 'dsv' for command environment
[0.687s] DEBUG:colcon.colcon_core.event_handler.log_command:Invoking command in '/home/capstone/camera_ws/build/libcamera': /usr/bin/meson setup --libdir=lib --prefix=/home/capstone/camera_ws/install/libcamera --buildtype=release /home/capstone/camera_ws/build/libcamera /home/capstone/camera_ws/src/libcamera
[4.512s] DEBUG:colcon.colcon_core.event_handler.log_command:Invoked command in '/home/capstone/camera_ws/build/libcamera' returned '0': /usr/bin/meson setup --libdir=lib --prefix=/home/capstone/camera_ws/install/libcamera --buildtype=release /home/capstone/camera_ws/build/libcamera /home/capstone/camera_ws/src/libcamera
[4.512s] DEBUG:colcon.colcon_core.event_handler.log_command:Invoking command in '/home/capstone/camera_ws/build/libcamera': /usr/bin/meson compile
[237.380s] DEBUG:colcon.colcon_core.event_handler.log_command:Invoked command in '/home/capstone/camera_ws/build/libcamera' returned '0': /usr/bin/meson compile
[237.383s] DEBUG:colcon.colcon_core.event_handler.log_command:Invoking command in '/home/capstone/camera_ws/build/libcamera': /usr/bin/meson install
[238.594s] Level 1:colcon.colcon_core.environment:create_environment_scripts_only(libcamera)
[238.595s] DEBUG:colcon.colcon_core.event_handler.log_command:Invoked command in '/home/capstone/camera_ws/build/libcamera' returned '0': /usr/bin/meson install
[238.597s] Level 1:colcon.colcon_core.environment:checking '/home/capstone/camera_ws/install/libcamera' for CMake module files
[238.598s] Level 1:colcon.colcon_core.environment:checking '/home/capstone/camera_ws/install/libcamera' for CMake config files
[238.599s] Level 1:colcon.colcon_core.environment:checking '/home/capstone/camera_ws/install/libcamera/lib'
[238.599s] Level 1:colcon.colcon_core.shell:create_environment_hook('libcamera', 'ld_library_path_lib')
[238.599s] INFO:colcon.colcon_core.shell:Creating environment hook '/home/capstone/camera_ws/install/libcamera/share/libcamera/hook/ld_library_path_lib.ps1'
[238.600s] INFO:colcon.colcon_core.shell:Creating environment descriptor '/home/capstone/camera_ws/install/libcamera/share/libcamera/hook/ld_library_path_lib.dsv'
[238.601s] INFO:colcon.colcon_core.shell:Creating environment hook '/home/capstone/camera_ws/install/libcamera/share/libcamera/hook/ld_library_path_lib.sh'
[238.601s] Level 1:colcon.colcon_core.environment:checking '/home/capstone/camera_ws/install/libcamera/libexec'
[238.601s] Level 1:colcon.colcon_core.environment:checking '/home/capstone/camera_ws/install/libcamera/bin'
[238.601s] Level 1:colcon.colcon_core.shell:create_environment_hook('libcamera', 'path')
[238.602s] INFO:colcon.colcon_core.shell:Creating environment hook '/home/capstone/camera_ws/install/libcamera/share/libcamera/hook/path.ps1'
[238.602s] INFO:colcon.colcon_core.shell:Creating environment descriptor '/home/capstone/camera_ws/install/libcamera/share/libcamera/hook/path.dsv'
[238.602s] INFO:colcon.colcon_core.shell:Creating environment hook '/home/capstone/camera_ws/install/libcamera/share/libcamera/hook/path.sh'
[238.603s] Level 1:colcon.colcon_core.environment:checking '/home/capstone/camera_ws/install/libcamera/lib/pkgconfig/libcamera.pc'
[238.603s] Level 1:colcon.colcon_core.shell:create_environment_hook('libcamera', 'pkg_config')
[238.603s] INFO:colcon.colcon_core.shell:Creating environment hook '/home/capstone/camera_ws/install/libcamera/share/libcamera/hook/pkg_config.ps1'
[238.603s] INFO:colcon.colcon_core.shell:Creating environment descriptor '/home/capstone/camera_ws/install/libcamera/share/libcamera/hook/pkg_config.dsv'
[238.604s] INFO:colcon.colcon_core.shell:Creating environment hook '/home/capstone/camera_ws/install/libcamera/share/libcamera/hook/pkg_config.sh'
[238.604s] Level 1:colcon.colcon_core.environment:checking '/home/capstone/camera_ws/install/libcamera/lib/python3.12/site-packages'
[238.605s] Level 1:colcon.colcon_core.shell:create_environment_hook('libcamera', 'pythonpath')
[238.605s] INFO:colcon.colcon_core.shell:Creating environment hook '/home/capstone/camera_ws/install/libcamera/share/libcamera/hook/pythonpath.ps1'
[238.605s] INFO:colcon.colcon_core.shell:Creating environment descriptor '/home/capstone/camera_ws/install/libcamera/share/libcamera/hook/pythonpath.dsv'
[238.605s] INFO:colcon.colcon_core.shell:Creating environment hook '/home/capstone/camera_ws/install/libcamera/share/libcamera/hook/pythonpath.sh'
[238.606s] Level 1:colcon.colcon_core.environment:checking '/home/capstone/camera_ws/install/libcamera/bin'
[238.606s] Level 1:colcon.colcon_core.shell:create_environment_hook('libcamera', 'pythonscriptspath')
[238.606s] INFO:colcon.colcon_core.shell:Creating environment hook '/home/capstone/camera_ws/install/libcamera/share/libcamera/hook/pythonscriptspath.ps1'
[238.607s] INFO:colcon.colcon_core.shell:Creating environment descriptor '/home/capstone/camera_ws/install/libcamera/share/libcamera/hook/pythonscriptspath.dsv'
[238.607s] INFO:colcon.colcon_core.shell:Creating environment hook '/home/capstone/camera_ws/install/libcamera/share/libcamera/hook/pythonscriptspath.sh'
[238.608s] INFO:colcon.colcon_core.shell:Creating package script '/home/capstone/camera_ws/install/libcamera/share/libcamera/package.ps1'
[238.609s] INFO:colcon.colcon_core.shell:Creating package descriptor '/home/capstone/camera_ws/install/libcamera/share/libcamera/package.dsv'
[238.610s] INFO:colcon.colcon_core.shell:Creating package script '/home/capstone/camera_ws/install/libcamera/share/libcamera/package.sh'
[238.610s] INFO:colcon.colcon_core.shell:Creating package script '/home/capstone/camera_ws/install/libcamera/share/libcamera/package.bash'
[238.611s] INFO:colcon.colcon_core.shell:Creating package script '/home/capstone/camera_ws/install/libcamera/share/libcamera/package.zsh'
[238.612s] Level 1:colcon.colcon_core.environment:create_file_with_runtime_dependencies(/home/capstone/camera_ws/install/libcamera/share/colcon-core/packages/libcamera)
[238.612s] INFO:colcon.colcon_ros.task.ament_cmake.build:Building ROS package in '/home/capstone/camera_ws/src/camera_ros' with build type 'ament_cmake'
[238.612s] INFO:colcon.colcon_cmake.task.cmake.build:Building CMake package in '/home/capstone/camera_ws/src/camera_ros'
[238.613s] INFO:colcon.colcon_core.shell:Skip shell extension 'powershell' for command environment: Not usable outside of PowerShell
[238.613s] DEBUG:colcon.colcon_core.shell:Skip shell extension 'dsv' for command environment
[238.624s] DEBUG:colcon.colcon_core.event_handler.log_command:Invoking command in '/home/capstone/camera_ws/build/camera_ros': CMAKE_PREFIX_PATH=${CMAKE_PREFIX_PATH}:/opt/ros/jazzy LD_LIBRARY_PATH=/home/capstone/camera_ws/install/libcamera/lib:/opt/ros/jazzy/lib/aarch64-linux-gnu:/opt/ros/jazzy/lib:/home/capstone/camera_ws/install/camera_ros/lib PATH=/home/capstone/camera_ws/install/libcamera/bin:/opt/ros/jazzy/bin:/usr/local/sbin:/usr/local/bin:/usr/sbin:/usr/bin:/sbin:/bin:/usr/games:/usr/local/games:/snap/bin PYTHONPATH=/home/capstone/camera_ws/install/libcamera/lib/python3.12/site-packages:/opt/ros/jazzy/lib/python3.12/site-packages /usr/bin/cmake /home/capstone/camera_ws/src/camera_ros -DAMENT_CMAKE_SYMLINK_INSTALL=1 -DCMAKE_INSTALL_PREFIX=/home/capstone/camera_ws/install/camera_ros
[240.535s] DEBUG:colcon.colcon_core.event_handler.log_command:Invoked command in '/home/capstone/camera_ws/build/camera_ros' returned '0': CMAKE_PREFIX_PATH=${CMAKE_PREFIX_PATH}:/opt/ros/jazzy LD_LIBRARY_PATH=/home/capstone/camera_ws/install/libcamera/lib:/opt/ros/jazzy/lib/aarch64-linux-gnu:/opt/ros/jazzy/lib:/home/capstone/camera_ws/install/camera_ros/lib PATH=/home/capstone/camera_ws/install/libcamera/bin:/opt/ros/jazzy/bin:/usr/local/sbin:/usr/local/bin:/usr/sbin:/usr/bin:/sbin:/bin:/usr/games:/usr/local/games:/snap/bin PYTHONPATH=/home/capstone/camera_ws/install/libcamera/lib/python3.12/site-packages:/opt/ros/jazzy/lib/python3.12/site-packages /usr/bin/cmake /home/capstone/camera_ws/src/camera_ros -DAMENT_CMAKE_SYMLINK_INSTALL=1 -DCMAKE_INSTALL_PREFIX=/home/capstone/camera_ws/install/camera_ros
[240.537s] DEBUG:colcon.colcon_core.event_handler.log_command:Invoking command in '/home/capstone/camera_ws/build/camera_ros': CMAKE_PREFIX_PATH=${CMAKE_PREFIX_PATH}:/opt/ros/jazzy LD_LIBRARY_PATH=/home/capstone/camera_ws/install/libcamera/lib:/opt/ros/jazzy/lib/aarch64-linux-gnu:/opt/ros/jazzy/lib:/home/capstone/camera_ws/install/camera_ros/lib PATH=/home/capstone/camera_ws/install/libcamera/bin:/opt/ros/jazzy/bin:/usr/local/sbin:/usr/local/bin:/usr/sbin:/usr/bin:/sbin:/bin:/usr/games:/usr/local/games:/snap/bin PYTHONPATH=/home/capstone/camera_ws/install/libcamera/lib/python3.12/site-packages:/opt/ros/jazzy/lib/python3.12/site-packages /usr/bin/cmake --build /home/capstone/camera_ws/build/camera_ros -- -j4 -l4
[277.671s] DEBUG:colcon.colcon_core.event_handler.log_command:Invoked command in '/home/capstone/camera_ws/build/camera_ros' returned '0': CMAKE_PREFIX_PATH=${CMAKE_PREFIX_PATH}:/opt/ros/jazzy LD_LIBRARY_PATH=/home/capstone/camera_ws/install/libcamera/lib:/opt/ros/jazzy/lib/aarch64-linux-gnu:/opt/ros/jazzy/lib:/home/capstone/camera_ws/install/camera_ros/lib PATH=/home/capstone/camera_ws/install/libcamera/bin:/opt/ros/jazzy/bin:/usr/local/sbin:/usr/local/bin:/usr/sbin:/usr/bin:/sbin:/bin:/usr/games:/usr/local/games:/snap/bin PYTHONPATH=/home/capstone/camera_ws/install/libcamera/lib/python3.12/site-packages:/opt/ros/jazzy/lib/python3.12/site-packages /usr/bin/cmake --build /home/capstone/camera_ws/build/camera_ros -- -j4 -l4
[277.688s] DEBUG:colcon.colcon_core.event_handler.log_command:Invoking command in '/home/capstone/camera_ws/build/camera_ros': CMAKE_PREFIX_PATH=${CMAKE_PREFIX_PATH}:/opt/ros/jazzy LD_LIBRARY_PATH=/home/capstone/camera_ws/install/libcamera/lib:/opt/ros/jazzy/lib/aarch64-linux-gnu:/opt/ros/jazzy/lib:/home/capstone/camera_ws/install/camera_ros/lib PATH=/home/capstone/camera_ws/install/libcamera/bin:/opt/ros/jazzy/bin:/usr/local/sbin:/usr/local/bin:/usr/sbin:/usr/bin:/sbin:/bin:/usr/games:/usr/local/games:/snap/bin PYTHONPATH=/home/capstone/camera_ws/install/libcamera/lib/python3.12/site-packages:/opt/ros/jazzy/lib/python3.12/site-packages /usr/bin/cmake --install /home/capstone/camera_ws/build/camera_ros
[278.064s] Level 1:colcon.colcon_core.environment:create_environment_scripts_only(camera_ros)
[278.064s] Level 1:colcon.colcon_core.environment:checking '/home/capstone/camera_ws/install/camera_ros' for CMake module files
[278.064s] DEBUG:colcon.colcon_core.event_handler.log_command:Invoked command in '/home/capstone/camera_ws/build/camera_ros' returned '0': CMAKE_PREFIX_PATH=${CMAKE_PREFIX_PATH}:/opt/ros/jazzy LD_LIBRARY_PATH=/home/capstone/camera_ws/install/libcamera/lib:/opt/ros/jazzy/lib/aarch64-linux-gnu:/opt/ros/jazzy/lib:/home/capstone/camera_ws/install/camera_ros/lib PATH=/home/capstone/camera_ws/install/libcamera/bin:/opt/ros/jazzy/bin:/usr/local/sbin:/usr/local/bin:/usr/sbin:/usr/bin:/sbin:/bin:/usr/games:/usr/local/games:/snap/bin PYTHONPATH=/home/capstone/camera_ws/install/libcamera/lib/python3.12/site-packages:/opt/ros/jazzy/lib/python3.12/site-packages /usr/bin/cmake --install /home/capstone/camera_ws/build/camera_ros
[278.065s] Level 1:colcon.colcon_core.environment:checking '/home/capstone/camera_ws/install/camera_ros' for CMake config files
[278.065s] Level 1:colcon.colcon_core.shell:create_environment_hook('camera_ros', 'cmake_prefix_path')
[278.066s] INFO:colcon.colcon_core.shell:Creating environment hook '/home/capstone/camera_ws/install/camera_ros/share/camera_ros/hook/cmake_prefix_path.ps1'
[278.066s] INFO:colcon.colcon_core.shell:Creating environment descriptor '/home/capstone/camera_ws/install/camera_ros/share/camera_ros/hook/cmake_prefix_path.dsv'
[278.067s] INFO:colcon.colcon_core.shell:Creating environment hook '/home/capstone/camera_ws/install/camera_ros/share/camera_ros/hook/cmake_prefix_path.sh'
[278.067s] Level 1:colcon.colcon_core.environment:checking '/home/capstone/camera_ws/install/camera_ros/lib'
[278.067s] Level 1:colcon.colcon_core.shell:create_environment_hook('camera_ros', 'ld_library_path_lib')
[278.067s] INFO:colcon.colcon_core.shell:Creating environment hook '/home/capstone/camera_ws/install/camera_ros/share/camera_ros/hook/ld_library_path_lib.ps1'
[278.068s] INFO:colcon.colcon_core.shell:Creating environment descriptor '/home/capstone/camera_ws/install/camera_ros/share/camera_ros/hook/ld_library_path_lib.dsv'
[278.068s] INFO:colcon.colcon_core.shell:Creating environment hook '/home/capstone/camera_ws/install/camera_ros/share/camera_ros/hook/ld_library_path_lib.sh'
[278.069s] Level 1:colcon.colcon_core.environment:checking '/home/capstone/camera_ws/install/camera_ros/bin'
[278.069s] Level 1:colcon.colcon_core.environment:checking '/home/capstone/camera_ws/install/camera_ros/lib/pkgconfig/camera_ros.pc'
[278.069s] Level 1:colcon.colcon_core.environment:checking '/home/capstone/camera_ws/install/camera_ros/lib/python3.12/site-packages'
[278.069s] Level 1:colcon.colcon_core.environment:checking '/home/capstone/camera_ws/install/camera_ros/bin'
[278.070s] INFO:colcon.colcon_core.shell:Creating package script '/home/capstone/camera_ws/install/camera_ros/share/camera_ros/package.ps1'
[278.070s] INFO:colcon.colcon_core.shell:Creating package descriptor '/home/capstone/camera_ws/install/camera_ros/share/camera_ros/package.dsv'
[278.071s] INFO:colcon.colcon_core.shell:Creating package script '/home/capstone/camera_ws/install/camera_ros/share/camera_ros/package.sh'
[278.071s] INFO:colcon.colcon_core.shell:Creating package script '/home/capstone/camera_ws/install/camera_ros/share/camera_ros/package.bash'
[278.071s] INFO:colcon.colcon_core.shell:Creating package script '/home/capstone/camera_ws/install/camera_ros/share/camera_ros/package.zsh'
[278.072s] Level 1:colcon.colcon_core.environment:create_file_with_runtime_dependencies(/home/capstone/camera_ws/install/camera_ros/share/colcon-core/packages/camera_ros)
[278.072s] Level 1:colcon.colcon_core.environment:create_environment_scripts_only(camera_ros)
[278.072s] Level 1:colcon.colcon_core.environment:checking '/home/capstone/camera_ws/install/camera_ros' for CMake module files
[278.073s] Level 1:colcon.colcon_core.environment:checking '/home/capstone/camera_ws/install/camera_ros' for CMake config files
[278.074s] Level 1:colcon.colcon_core.shell:create_environment_hook('camera_ros', 'cmake_prefix_path')
[278.074s] INFO:colcon.colcon_core.shell:Creating environment hook '/home/capstone/camera_ws/install/camera_ros/share/camera_ros/hook/cmake_prefix_path.ps1'
[278.074s] INFO:colcon.colcon_core.shell:Creating environment descriptor '/home/capstone/camera_ws/install/camera_ros/share/camera_ros/hook/cmake_prefix_path.dsv'
[278.077s] INFO:colcon.colcon_core.shell:Creating environment hook '/home/capstone/camera_ws/install/camera_ros/share/camera_ros/hook/cmake_prefix_path.sh'
[278.081s] Level 1:colcon.colcon_core.environment:checking '/home/capstone/camera_ws/install/camera_ros/lib'
[278.081s] Level 1:colcon.colcon_core.shell:create_environment_hook('camera_ros', 'ld_library_path_lib')
[278.081s] INFO:colcon.colcon_core.shell:Creating environment hook '/home/capstone/camera_ws/install/camera_ros/share/camera_ros/hook/ld_library_path_lib.ps1'
[278.081s] INFO:colcon.colcon_core.shell:Creating environment descriptor '/home/capstone/camera_ws/install/camera_ros/share/camera_ros/hook/ld_library_path_lib.dsv'
[278.082s] INFO:colcon.colcon_core.shell:Creating environment hook '/home/capstone/camera_ws/install/camera_ros/share/camera_ros/hook/ld_library_path_lib.sh'
[278.083s] Level 1:colcon.colcon_core.environment:checking '/home/capstone/camera_ws/install/camera_ros/bin'
[278.083s] Level 1:colcon.colcon_core.environment:checking '/home/capstone/camera_ws/install/camera_ros/lib/pkgconfig/camera_ros.pc'
[278.083s] Level 1:colcon.colcon_core.environment:checking '/home/capstone/camera_ws/install/camera_ros/lib/python3.12/site-packages'
[278.084s] Level 1:colcon.colcon_core.environment:checking '/home/capstone/camera_ws/install/camera_ros/bin'
[278.084s] INFO:colcon.colcon_core.shell:Creating package script '/home/capstone/camera_ws/install/camera_ros/share/camera_ros/package.ps1'
[278.085s] INFO:colcon.colcon_core.shell:Creating package descriptor '/home/capstone/camera_ws/install/camera_ros/share/camera_ros/package.dsv'
[278.086s] INFO:colcon.colcon_core.shell:Creating package script '/home/capstone/camera_ws/install/camera_ros/share/camera_ros/package.sh'
[278.086s] INFO:colcon.colcon_core.shell:Creating package script '/home/capstone/camera_ws/install/camera_ros/share/camera_ros/package.bash'
[278.087s] INFO:colcon.colcon_core.shell:Creating package script '/home/capstone/camera_ws/install/camera_ros/share/camera_ros/package.zsh'
[278.088s] Level 1:colcon.colcon_core.environment:create_file_with_runtime_dependencies(/home/capstone/camera_ws/install/camera_ros/share/colcon-core/packages/camera_ros)
[278.089s] INFO:colcon.colcon_ros.task.ament_cmake.build:Building ROS package in '/home/capstone/camera_ws/src/apriltag_ros' with build type 'ament_cmake'
[278.089s] INFO:colcon.colcon_cmake.task.cmake.build:Building CMake package in '/home/capstone/camera_ws/src/apriltag_ros'
[278.089s] INFO:colcon.colcon_core.shell:Skip shell extension 'powershell' for command environment: Not usable outside of PowerShell
[278.090s] DEBUG:colcon.colcon_core.shell:Skip shell extension 'dsv' for command environment
[278.106s] DEBUG:colcon.colcon_core.event_handler.log_command:Invoking command in '/home/capstone/camera_ws/build/apriltag_ros': CMAKE_PREFIX_PATH=${CMAKE_PREFIX_PATH}:/opt/ros/jazzy LD_LIBRARY_PATH=/home/capstone/camera_ws/install/camera_ros/lib:/home/capstone/camera_ws/install/libcamera/lib:/opt/ros/jazzy/lib/aarch64-linux-gnu:/opt/ros/jazzy/lib PATH=/home/capstone/camera_ws/install/libcamera/bin:/opt/ros/jazzy/bin:/usr/local/sbin:/usr/local/bin:/usr/sbin:/usr/bin:/sbin:/bin:/usr/games:/usr/local/games:/snap/bin PYTHONPATH=/home/capstone/camera_ws/install/libcamera/lib/python3.12/site-packages:/opt/ros/jazzy/lib/python3.12/site-packages /usr/bin/cmake /home/capstone/camera_ws/src/apriltag_ros -DAMENT_CMAKE_SYMLINK_INSTALL=1 -DCMAKE_INSTALL_PREFIX=/home/capstone/camera_ws/install/apriltag_ros
[280.277s] DEBUG:colcon.colcon_core.event_handler.log_command:Invoked command in '/home/capstone/camera_ws/build/apriltag_ros' returned '0': CMAKE_PREFIX_PATH=${CMAKE_PREFIX_PATH}:/opt/ros/jazzy LD_LIBRARY_PATH=/home/capstone/camera_ws/install/camera_ros/lib:/home/capstone/camera_ws/install/libcamera/lib:/opt/ros/jazzy/lib/aarch64-linux-gnu:/opt/ros/jazzy/lib PATH=/home/capstone/camera_ws/install/libcamera/bin:/opt/ros/jazzy/bin:/usr/local/sbin:/usr/local/bin:/usr/sbin:/usr/bin:/sbin:/bin:/usr/games:/usr/local/games:/snap/bin PYTHONPATH=/home/capstone/camera_ws/install/libcamera/lib/python3.12/site-packages:/opt/ros/jazzy/lib/python3.12/site-packages /usr/bin/cmake /home/capstone/camera_ws/src/apriltag_ros -DAMENT_CMAKE_SYMLINK_INSTALL=1 -DCMAKE_INSTALL_PREFIX=/home/capstone/camera_ws/install/apriltag_ros
[280.279s] DEBUG:colcon.colcon_core.event_handler.log_command:Invoking command in '/home/capstone/camera_ws/build/apriltag_ros': CMAKE_PREFIX_PATH=${CMAKE_PREFIX_PATH}:/opt/ros/jazzy LD_LIBRARY_PATH=/home/capstone/camera_ws/install/camera_ros/lib:/home/capstone/camera_ws/install/libcamera/lib:/opt/ros/jazzy/lib/aarch64-linux-gnu:/opt/ros/jazzy/lib PATH=/home/capstone/camera_ws/install/libcamera/bin:/opt/ros/jazzy/bin:/usr/local/sbin:/usr/local/bin:/usr/sbin:/usr/bin:/sbin:/bin:/usr/games:/usr/local/games:/snap/bin PYTHONPATH=/home/capstone/camera_ws/install/libcamera/lib/python3.12/site-packages:/opt/ros/jazzy/lib/python3.12/site-packages /usr/bin/cmake --build /home/capstone/camera_ws/build/apriltag_ros -- -j4 -l4
[299.226s] DEBUG:colcon.colcon_core.event_handler.log_command:Invoked command in '/home/capstone/camera_ws/build/apriltag_ros' returned '0': CMAKE_PREFIX_PATH=${CMAKE_PREFIX_PATH}:/opt/ros/jazzy LD_LIBRARY_PATH=/home/capstone/camera_ws/install/camera_ros/lib:/home/capstone/camera_ws/install/libcamera/lib:/opt/ros/jazzy/lib/aarch64-linux-gnu:/opt/ros/jazzy/lib PATH=/home/capstone/camera_ws/install/libcamera/bin:/opt/ros/jazzy/bin:/usr/local/sbin:/usr/local/bin:/usr/sbin:/usr/bin:/sbin:/bin:/usr/games:/usr/local/games:/snap/bin PYTHONPATH=/home/capstone/camera_ws/install/libcamera/lib/python3.12/site-packages:/opt/ros/jazzy/lib/python3.12/site-packages /usr/bin/cmake --build /home/capstone/camera_ws/build/apriltag_ros -- -j4 -l4
[299.228s] DEBUG:colcon.colcon_core.event_handler.log_command:Invoking command in '/home/capstone/camera_ws/build/apriltag_ros': CMAKE_PREFIX_PATH=${CMAKE_PREFIX_PATH}:/opt/ros/jazzy LD_LIBRARY_PATH=/home/capstone/camera_ws/install/camera_ros/lib:/home/capstone/camera_ws/install/libcamera/lib:/opt/ros/jazzy/lib/aarch64-linux-gnu:/opt/ros/jazzy/lib PATH=/home/capstone/camera_ws/install/libcamera/bin:/opt/ros/jazzy/bin:/usr/local/sbin:/usr/local/bin:/usr/sbin:/usr/bin:/sbin:/bin:/usr/games:/usr/local/games:/snap/bin PYTHONPATH=/home/capstone/camera_ws/install/libcamera/lib/python3.12/site-packages:/opt/ros/jazzy/lib/python3.12/site-packages /usr/bin/cmake --install /home/capstone/camera_ws/build/apriltag_ros
[299.594s] Level 1:colcon.colcon_core.environment:create_environment_scripts_only(apriltag_ros)
[299.594s] Level 1:colcon.colcon_core.environment:checking '/home/capstone/camera_ws/install/apriltag_ros' for CMake module files
[299.595s] DEBUG:colcon.colcon_core.event_handler.log_command:Invoked command in '/home/capstone/camera_ws/build/apriltag_ros' returned '0': CMAKE_PREFIX_PATH=${CMAKE_PREFIX_PATH}:/opt/ros/jazzy LD_LIBRARY_PATH=/home/capstone/camera_ws/install/camera_ros/lib:/home/capstone/camera_ws/install/libcamera/lib:/opt/ros/jazzy/lib/aarch64-linux-gnu:/opt/ros/jazzy/lib PATH=/home/capstone/camera_ws/install/libcamera/bin:/opt/ros/jazzy/bin:/usr/local/sbin:/usr/local/bin:/usr/sbin:/usr/bin:/sbin:/bin:/usr/games:/usr/local/games:/snap/bin PYTHONPATH=/home/capstone/camera_ws/install/libcamera/lib/python3.12/site-packages:/opt/ros/jazzy/lib/python3.12/site-packages /usr/bin/cmake --install /home/capstone/camera_ws/build/apriltag_ros
[299.595s] Level 1:colcon.colcon_core.environment:checking '/home/capstone/camera_ws/install/apriltag_ros' for CMake config files
[299.596s] Level 1:colcon.colcon_core.shell:create_environment_hook('apriltag_ros', 'cmake_prefix_path')
[299.596s] INFO:colcon.colcon_core.shell:Creating environment hook '/home/capstone/camera_ws/install/apriltag_ros/share/apriltag_ros/hook/cmake_prefix_path.ps1'
[299.597s] INFO:colcon.colcon_core.shell:Creating environment descriptor '/home/capstone/camera_ws/install/apriltag_ros/share/apriltag_ros/hook/cmake_prefix_path.dsv'
[299.597s] INFO:colcon.colcon_core.shell:Creating environment hook '/home/capstone/camera_ws/install/apriltag_ros/share/apriltag_ros/hook/cmake_prefix_path.sh'
[299.598s] Level 1:colcon.colcon_core.environment:checking '/home/capstone/camera_ws/install/apriltag_ros/lib'
[299.598s] Level 1:colcon.colcon_core.shell:create_environment_hook('apriltag_ros', 'ld_library_path_lib')
[299.598s] INFO:colcon.colcon_core.shell:Creating environment hook '/home/capstone/camera_ws/install/apriltag_ros/share/apriltag_ros/hook/ld_library_path_lib.ps1'
[299.599s] INFO:colcon.colcon_core.shell:Creating environment descriptor '/home/capstone/camera_ws/install/apriltag_ros/share/apriltag_ros/hook/ld_library_path_lib.dsv'
[299.599s] INFO:colcon.colcon_core.shell:Creating environment hook '/home/capstone/camera_ws/install/apriltag_ros/share/apriltag_ros/hook/ld_library_path_lib.sh'
[299.599s] Level 1:colcon.colcon_core.environment:checking '/home/capstone/camera_ws/install/apriltag_ros/bin'
[299.599s] Level 1:colcon.colcon_core.environment:checking '/home/capstone/camera_ws/install/apriltag_ros/lib/pkgconfig/apriltag_ros.pc'
[299.600s] Level 1:colcon.colcon_core.environment:checking '/home/capstone/camera_ws/install/apriltag_ros/lib/python3.12/site-packages'
[299.600s] Level 1:colcon.colcon_core.environment:checking '/home/capstone/camera_ws/install/apriltag_ros/bin'
[299.600s] INFO:colcon.colcon_core.shell:Creating package script '/home/capstone/camera_ws/install/apriltag_ros/share/apriltag_ros/package.ps1'
[299.601s] INFO:colcon.colcon_core.shell:Creating package descriptor '/home/capstone/camera_ws/install/apriltag_ros/share/apriltag_ros/package.dsv'
[299.601s] INFO:colcon.colcon_core.shell:Creating package script '/home/capstone/camera_ws/install/apriltag_ros/share/apriltag_ros/package.sh'
[299.602s] INFO:colcon.colcon_core.shell:Creating package script '/home/capstone/camera_ws/install/apriltag_ros/share/apriltag_ros/package.bash'
[299.602s] INFO:colcon.colcon_core.shell:Creating package script '/home/capstone/camera_ws/install/apriltag_ros/share/apriltag_ros/package.zsh'
[299.603s] Level 1:colcon.colcon_core.environment:create_file_with_runtime_dependencies(/home/capstone/camera_ws/install/apriltag_ros/share/colcon-core/packages/apriltag_ros)
[299.603s] Level 1:colcon.colcon_core.environment:create_environment_scripts_only(apriltag_ros)
[299.604s] Level 1:colcon.colcon_core.environment:checking '/home/capstone/camera_ws/install/apriltag_ros' for CMake module files
[299.604s] Level 1:colcon.colcon_core.environment:checking '/home/capstone/camera_ws/install/apriltag_ros' for CMake config files
[299.605s] Level 1:colcon.colcon_core.shell:create_environment_hook('apriltag_ros', 'cmake_prefix_path')
[299.605s] INFO:colcon.colcon_core.shell:Creating environment hook '/home/capstone/camera_ws/install/apriltag_ros/share/apriltag_ros/hook/cmake_prefix_path.ps1'
[299.605s] INFO:colcon.colcon_core.shell:Creating environment descriptor '/home/capstone/camera_ws/install/apriltag_ros/share/apriltag_ros/hook/cmake_prefix_path.dsv'
[299.609s] INFO:colcon.colcon_core.shell:Creating environment hook '/home/capstone/camera_ws/install/apriltag_ros/share/apriltag_ros/hook/cmake_prefix_path.sh'
[299.610s] Level 1:colcon.colcon_core.environment:checking '/home/capstone/camera_ws/install/apriltag_ros/lib'
[299.610s] Level 1:colcon.colcon_core.shell:create_environment_hook('apriltag_ros', 'ld_library_path_lib')
[299.610s] INFO:colcon.colcon_core.shell:Creating environment hook '/home/capstone/camera_ws/install/apriltag_ros/share/apriltag_ros/hook/ld_library_path_lib.ps1'
[299.611s] INFO:colcon.colcon_core.shell:Creating environment descriptor '/home/capstone/camera_ws/install/apriltag_ros/share/apriltag_ros/hook/ld_library_path_lib.dsv'
[299.611s] INFO:colcon.colcon_core.shell:Creating environment hook '/home/capstone/camera_ws/install/apriltag_ros/share/apriltag_ros/hook/ld_library_path_lib.sh'
[299.612s] Level 1:colcon.colcon_core.environment:checking '/home/capstone/camera_ws/install/apriltag_ros/bin'
[299.612s] Level 1:colcon.colcon_core.environment:checking '/home/capstone/camera_ws/install/apriltag_ros/lib/pkgconfig/apriltag_ros.pc'
[299.612s] Level 1:colcon.colcon_core.environment:checking '/home/capstone/camera_ws/install/apriltag_ros/lib/python3.12/site-packages'
[299.613s] Level 1:colcon.colcon_core.environment:checking '/home/capstone/camera_ws/install/apriltag_ros/bin'
[299.613s] INFO:colcon.colcon_core.shell:Creating package script '/home/capstone/camera_ws/install/apriltag_ros/share/apriltag_ros/package.ps1'
[299.614s] INFO:colcon.colcon_core.shell:Creating package descriptor '/home/capstone/camera_ws/install/apriltag_ros/share/apriltag_ros/package.dsv'
[299.615s] INFO:colcon.colcon_core.shell:Creating package script '/home/capstone/camera_ws/install/apriltag_ros/share/apriltag_ros/package.sh'
[299.615s] INFO:colcon.colcon_core.shell:Creating package script '/home/capstone/camera_ws/install/apriltag_ros/share/apriltag_ros/package.bash'
[299.616s] INFO:colcon.colcon_core.shell:Creating package script '/home/capstone/camera_ws/install/apriltag_ros/share/apriltag_ros/package.zsh'
[299.617s] Level 1:colcon.colcon_core.environment:create_file_with_runtime_dependencies(/home/capstone/camera_ws/install/apriltag_ros/share/colcon-core/packages/apriltag_ros)
[299.618s] DEBUG:colcon.colcon_parallel_executor.executor.parallel:closing loop
[299.618s] DEBUG:colcon.colcon_parallel_executor.executor.parallel:loop closed
[299.618s] DEBUG:colcon.colcon_parallel_executor.executor.parallel:run_until_complete finished with '0'
[299.618s] DEBUG:colcon.colcon_core.event_reactor:joining thread
[299.627s] INFO:colcon.colcon_core.plugin_system:Skipping extension 'colcon_notification.desktop_notification.notify_send': Could not find 'notify-send'
[299.627s] INFO:colcon.colcon_core.plugin_system:Skipping extension 'colcon_notification.desktop_notification.terminal_notifier': Not used on non-Darwin systems
[299.627s] INFO:colcon.colcon_core.plugin_system:Skipping extension 'colcon_notification.desktop_notification.win32': Not used on non-Windows systems
[299.628s] INFO:colcon.colcon_notification.desktop_notification:Sending desktop notification using 'notify2'
[299.629s] DEBUG:colcon.colcon_notification.desktop_notification.notify2:Failed to initialize notify2: org.freedesktop.DBus.Error.ServiceUnknown: The name org.freedesktop.Notifications was not provided by any .service files
[299.629s] DEBUG:colcon.colcon_core.event_reactor:joined thread
[299.629s] INFO:colcon.colcon_core.shell:Creating prefix script '/home/capstone/camera_ws/install/local_setup.ps1'
[299.630s] INFO:colcon.colcon_core.shell:Creating prefix util module '/home/capstone/camera_ws/install/_local_setup_util_ps1.py'
[299.632s] INFO:colcon.colcon_core.shell:Creating prefix chain script '/home/capstone/camera_ws/install/setup.ps1'
[299.633s] INFO:colcon.colcon_core.shell:Creating prefix script '/home/capstone/camera_ws/install/local_setup.sh'
[299.633s] INFO:colcon.colcon_core.shell:Creating prefix util module '/home/capstone/camera_ws/install/_local_setup_util_sh.py'
[299.634s] INFO:colcon.colcon_core.shell:Creating prefix chain script '/home/capstone/camera_ws/install/setup.sh'
[299.635s] INFO:colcon.colcon_core.shell:Creating prefix script '/home/capstone/camera_ws/install/local_setup.bash'
[299.636s] INFO:colcon.colcon_core.shell:Creating prefix chain script '/home/capstone/camera_ws/install/setup.bash'
[299.637s] INFO:colcon.colcon_core.shell:Creating prefix script '/home/capstone/camera_ws/install/local_setup.zsh'
[299.637s] INFO:colcon.colcon_core.shell:Creating prefix chain script '/home/capstone/camera_ws/install/setup.zsh'
